<?xml version="1.0" encoding="UTF-8"?>
<!-- Generated by org.testng.reporters.JUnitReportReporter -->
<testsuite hostname="LAPTOP-IKS9SD1L" failures="0" tests="2" name="com.mycompany.app.my_selenium_app.NewTest" time="6.808" errors="0" timestamp="2022-08-08T20:20:46 IST" skipped="0">
  <testcase classname="com.mycompany.app.my_selenium_app.NewTest" name="f" time="0.006"/>
  <system-out/>
  <testcase classname="com.mycompany.app.my_selenium_app.NewTest" name="launchChrome" time="6.802"/>
  <system-out/>
</testsuite> <!-- com.mycompany.app.my_selenium_app.NewTest -->
