<?xml version="1.0" encoding="UTF-8"?>
<!-- Generated by org.testng.reporters.JUnitReportReporter -->
<testsuite hostname="LAPTOP-IKS9SD1L" failures="0" tests="2" name="com.mycompany.app.my_selenium_app.NewTest" time="5.395" errors="0" timestamp="2022-08-08T20:18:43 IST" skipped="0">
  <testcase classname="com.mycompany.app.my_selenium_app.NewTest" name="launchChrome" time="5.377"/>
  <system-out/>
  <testcase classname="com.mycompany.app.my_selenium_app.NewTest" name="f" time="0.018"/>
  <system-out/>
</testsuite> <!-- com.mycompany.app.my_selenium_app.NewTest -->
